c:\users\николай\source\repos\ntmath\ntmath\debug\ntmath.pch
c:\users\николай\source\repos\ntmath\ntmath\debug\vc141.pdb
c:\users\николай\source\repos\ntmath\ntmath\debug\vc141.idb
c:\users\николай\source\repos\ntmath\ntmath\debug\stdafx.obj
c:\users\николай\source\repos\ntmath\ntmath\debug\utils.obj
c:\users\николай\source\repos\ntmath\ntmath\debug\ntmath.obj
c:\users\николай\source\repos\ntmath\ntmath\debug\dllmain.obj
c:\users\николай\source\repos\ntmath\ntmath\debug\complex.obj
c:\users\николай\source\repos\paaoptimisation\debug\ntmath.dll
c:\users\николай\source\repos\paaoptimisation\debug\ntmath.ilk
c:\users\николай\source\repos\paaoptimisation\debug\ntmath.pdb
c:\users\николай\source\repos\paaoptimisation\debug\ntmath.lib
c:\users\николай\source\repos\paaoptimisation\debug\ntmath.exp
c:\users\николай\source\repos\ntmath\ntmath\debug\ntmath.tlog\cl.command.1.tlog
c:\users\николай\source\repos\ntmath\ntmath\debug\ntmath.tlog\cl.read.1.tlog
c:\users\николай\source\repos\ntmath\ntmath\debug\ntmath.tlog\cl.write.1.tlog
c:\users\николай\source\repos\ntmath\ntmath\debug\ntmath.tlog\link.command.1.tlog
c:\users\николай\source\repos\ntmath\ntmath\debug\ntmath.tlog\link.read.1.tlog
c:\users\николай\source\repos\ntmath\ntmath\debug\ntmath.tlog\link.write.1.tlog
c:\users\николай\source\repos\ntmath\ntmath\debug\ntmath.tlog\ntmath.write.1u.tlog
